

Started GET "/" for ::1 at 2015-03-07 16:55:27 -0500

ActiveRecord::NoDatabaseError (FATAL:  database "receta_development" does not exist
):
  activerecord (4.2.0) lib/active_record/connection_adapters/postgresql_adapter.rb:661:in `rescue in connect'
  activerecord (4.2.0) lib/active_record/connection_adapters/postgresql_adapter.rb:651:in `connect'
  activerecord (4.2.0) lib/active_record/connection_adapters/postgresql_adapter.rb:242:in `initialize'
  activerecord (4.2.0) lib/active_record/connection_adapters/postgresql_adapter.rb:44:in `new'
  activerecord (4.2.0) lib/active_record/connection_adapters/postgresql_adapter.rb:44:in `postgresql_connection'
  activerecord (4.2.0) lib/active_record/connection_adapters/abstract/connection_pool.rb:436:in `new_connection'
  activerecord (4.2.0) lib/active_record/connection_adapters/abstract/connection_pool.rb:446:in `checkout_new_connection'
  activerecord (4.2.0) lib/active_record/connection_adapters/abstract/connection_pool.rb:422:in `acquire_connection'
  activerecord (4.2.0) lib/active_record/connection_adapters/abstract/connection_pool.rb:349:in `block in checkout'
  /Users/stevenwatkins/.rubies/ruby-2.1.5/lib/ruby/2.1.0/monitor.rb:211:in `mon_synchronize'
  activerecord (4.2.0) lib/active_record/connection_adapters/abstract/connection_pool.rb:348:in `checkout'
  activerecord (4.2.0) lib/active_record/connection_adapters/abstract/connection_pool.rb:263:in `block in connection'
  /Users/stevenwatkins/.rubies/ruby-2.1.5/lib/ruby/2.1.0/monitor.rb:211:in `mon_synchronize'
  activerecord (4.2.0) lib/active_record/connection_adapters/abstract/connection_pool.rb:262:in `connection'
  activerecord (4.2.0) lib/active_record/connection_adapters/abstract/connection_pool.rb:565:in `retrieve_connection'
  activerecord (4.2.0) lib/active_record/connection_handling.rb:113:in `retrieve_connection'
  activerecord (4.2.0) lib/active_record/connection_handling.rb:87:in `connection'
  activerecord (4.2.0) lib/active_record/migration.rb:384:in `connection'
  activerecord (4.2.0) lib/active_record/migration.rb:371:in `call'
  actionpack (4.2.0) lib/action_dispatch/middleware/callbacks.rb:29:in `block in call'
  activesupport (4.2.0) lib/active_support/callbacks.rb:88:in `call'
  activesupport (4.2.0) lib/active_support/callbacks.rb:88:in `_run_callbacks'
  activesupport (4.2.0) lib/active_support/callbacks.rb:734:in `_run_call_callbacks'
  activesupport (4.2.0) lib/active_support/callbacks.rb:81:in `run_callbacks'
  actionpack (4.2.0) lib/action_dispatch/middleware/callbacks.rb:27:in `call'
  actionpack (4.2.0) lib/action_dispatch/middleware/reloader.rb:73:in `call'
  actionpack (4.2.0) lib/action_dispatch/middleware/remote_ip.rb:78:in `call'
  actionpack (4.2.0) lib/action_dispatch/middleware/debug_exceptions.rb:17:in `call'
  actionpack (4.2.0) lib/action_dispatch/middleware/show_exceptions.rb:30:in `call'
  railties (4.2.0) lib/rails/rack/logger.rb:38:in `call_app'
  railties (4.2.0) lib/rails/rack/logger.rb:20:in `block in call'
  activesupport (4.2.0) lib/active_support/tagged_logging.rb:68:in `block in tagged'
  activesupport (4.2.0) lib/active_support/tagged_logging.rb:26:in `tagged'
  activesupport (4.2.0) lib/active_support/tagged_logging.rb:68:in `tagged'
  railties (4.2.0) lib/rails/rack/logger.rb:20:in `call'
  actionpack (4.2.0) lib/action_dispatch/middleware/request_id.rb:21:in `call'
  rack (1.6.0) lib/rack/methodoverride.rb:22:in `call'
  rack (1.6.0) lib/rack/runtime.rb:18:in `call'
  activesupport (4.2.0) lib/active_support/cache/strategy/local_cache_middleware.rb:28:in `call'
  rack (1.6.0) lib/rack/lock.rb:17:in `call'
  actionpack (4.2.0) lib/action_dispatch/middleware/static.rb:113:in `call'
  rack (1.6.0) lib/rack/sendfile.rb:113:in `call'
  railties (4.2.0) lib/rails/engine.rb:518:in `call'
  railties (4.2.0) lib/rails/application.rb:164:in `call'
  rack (1.6.0) lib/rack/lock.rb:17:in `call'
  rack (1.6.0) lib/rack/content_length.rb:15:in `call'
  rack (1.6.0) lib/rack/handler/webrick.rb:89:in `service'
  /Users/stevenwatkins/.rubies/ruby-2.1.5/lib/ruby/2.1.0/webrick/httpserver.rb:138:in `service'
  /Users/stevenwatkins/.rubies/ruby-2.1.5/lib/ruby/2.1.0/webrick/httpserver.rb:94:in `run'
  /Users/stevenwatkins/.rubies/ruby-2.1.5/lib/ruby/2.1.0/webrick/server.rb:295:in `block in start_thread'


  Rendered /Users/stevenwatkins/.gem/ruby/2.1.5/gems/actionpack-4.2.0/lib/action_dispatch/middleware/templates/rescues/_source.erb (2.9ms)
  Rendered /Users/stevenwatkins/.gem/ruby/2.1.5/gems/actionpack-4.2.0/lib/action_dispatch/middleware/templates/rescues/_trace.html.erb (1.5ms)
  Rendered /Users/stevenwatkins/.gem/ruby/2.1.5/gems/actionpack-4.2.0/lib/action_dispatch/middleware/templates/rescues/_request_and_response.html.erb (0.9ms)
  Rendered /Users/stevenwatkins/.gem/ruby/2.1.5/gems/actionpack-4.2.0/lib/action_dispatch/middleware/templates/rescues/diagnostics.html.erb within rescues/layout (20.3ms)


Started GET "/" for ::1 at 2015-03-07 16:55:58 -0500
Processing by Rails::WelcomeController#index as HTML
  Rendered /Users/stevenwatkins/.gem/ruby/2.1.5/gems/railties-4.2.0/lib/rails/templates/rails/welcome/index.html.erb (0.6ms)
Completed 200 OK in 3ms (Views: 3.1ms | ActiveRecord: 0.0ms)


Started GET "/" for ::1 at 2015-03-07 17:24:04 -0500
Processing by HomesController#index as HTML
  Rendered homes/index.html.erb within layouts/application (2.1ms)
Completed 500 Internal Server Error in 440ms

ActionView::Template::Error (Asset filtered out and will not be served: add `Rails.application.config.assets.precompile += %w( bootstrap/glyphicons-halflings-regular.woff2 )` to `config/initializers/assets.rb` and restart your server
  (in /Users/stevenwatkins/Dropbox/tutorials/angularjs-rails-tutorial/receta/app/assets/stylesheets/application.css.scss)):
    2: <html>
    3: <head>
    4:   <title>Receta</title>
    5:   <%= stylesheet_link_tag    'application', media: 'all', 'data-turbolinks-track' => true %>
    6:   <%= javascript_include_tag 'application', 'data-turbolinks-track' => true %>
    7:   <%= csrf_meta_tags %>
    8: </head>
  app/views/layouts/application.html.erb:5:in `_app_views_layouts_application_html_erb___4392553190384465040_70179160727160'


  Rendered /Users/stevenwatkins/.gem/ruby/2.1.5/gems/actionpack-4.2.0/lib/action_dispatch/middleware/templates/rescues/_source.erb (13.1ms)
  Rendered /Users/stevenwatkins/.gem/ruby/2.1.5/gems/actionpack-4.2.0/lib/action_dispatch/middleware/templates/rescues/_trace.html.erb (3.4ms)
  Rendered /Users/stevenwatkins/.gem/ruby/2.1.5/gems/actionpack-4.2.0/lib/action_dispatch/middleware/templates/rescues/_request_and_response.html.erb (8.0ms)
  Rendered /Users/stevenwatkins/.gem/ruby/2.1.5/gems/actionpack-4.2.0/lib/action_dispatch/middleware/templates/rescues/template_error.html.erb within rescues/layout (39.4ms)


Started GET "/" for ::1 at 2015-03-07 17:24:42 -0500
Processing by HomesController#index as HTML
  Rendered homes/index.html.erb within layouts/application (0.0ms)
Completed 500 Internal Server Error in 86ms

ActionView::Template::Error (Asset filtered out and will not be served: add `Rails.application.config.assets.precompile += %w( bootstrap/glyphicons-halflings-regular.woff2 )` to `config/initializers/assets.rb` and restart your server
  (in /Users/stevenwatkins/Dropbox/tutorials/angularjs-rails-tutorial/receta/app/assets/stylesheets/application.css.scss)):
    2: <html>
    3: <head>
    4:   <title>Receta</title>
    5:   <%= stylesheet_link_tag    'application', media: 'all' %>
    6:   <%= javascript_include_tag 'application' %>
    7:   <%= csrf_meta_tags %>
    8: </head>
  app/views/layouts/application.html.erb:5:in `_app_views_layouts_application_html_erb___4392553190384465040_70179119508360'


  Rendered /Users/stevenwatkins/.gem/ruby/2.1.5/gems/actionpack-4.2.0/lib/action_dispatch/middleware/templates/rescues/_source.erb (9.2ms)
  Rendered /Users/stevenwatkins/.gem/ruby/2.1.5/gems/actionpack-4.2.0/lib/action_dispatch/middleware/templates/rescues/_trace.html.erb (3.0ms)
  Rendered /Users/stevenwatkins/.gem/ruby/2.1.5/gems/actionpack-4.2.0/lib/action_dispatch/middleware/templates/rescues/_request_and_response.html.erb (0.7ms)
  Rendered /Users/stevenwatkins/.gem/ruby/2.1.5/gems/actionpack-4.2.0/lib/action_dispatch/middleware/templates/rescues/template_error.html.erb within rescues/layout (22.5ms)


Started GET "/" for ::1 at 2015-03-07 17:26:23 -0500
Processing by HomesController#index as HTML
  Rendered homes/index.html.erb within layouts/application (1.0ms)
Completed 200 OK in 1242ms (Views: 1241.2ms | ActiveRecord: 0.0ms)


Started GET "/assets/application-9508fb89f5825102807b11e3199748d3.css?body=1" for ::1 at 2015-03-07 17:26:24 -0500


Started GET "/assets/jquery-87424c3c19e96d4fb033c10ebe21ec40.js?body=1" for ::1 at 2015-03-07 17:26:24 -0500


Started GET "/assets/app-1db9b70ba58519a5fc62b7cd5405842d.js?body=1" for ::1 at 2015-03-07 17:26:24 -0500


Started GET "/assets/angular/angular-cdfffae0fb2ac9988e146d6ae8a74266.js?body=1" for ::1 at 2015-03-07 17:26:24 -0500


Started GET "/assets/application-268e01242514b6c0ecf13636dc345141.js?body=1" for ::1 at 2015-03-07 17:26:24 -0500


Started GET "/assets/jquery_ujs-e27bd20a10d28155845a22d71ef94f2f.js?body=1" for ::1 at 2015-03-07 17:26:24 -0500


Started GET "/assets/application-268e01242514b6c0ecf13636dc345141.js?body=1" for ::1 at 2015-03-07 17:26:24 -0500


Started GET "/" for ::1 at 2015-03-07 17:59:27 -0500
Processing by HomesController#index as HTML
  Rendered homes/index.html.erb within layouts/application (1.3ms)
Completed 200 OK in 92ms (Views: 91.8ms | ActiveRecord: 0.0ms)


Started GET "/assets/application-9508fb89f5825102807b11e3199748d3.css?body=1" for ::1 at 2015-03-07 17:59:28 -0500


Started GET "/assets/angular/angular-cdfffae0fb2ac9988e146d6ae8a74266.js?body=1" for ::1 at 2015-03-07 17:59:28 -0500


Started GET "/assets/app-1db9b70ba58519a5fc62b7cd5405842d.js?body=1" for ::1 at 2015-03-07 17:59:28 -0500


Started GET "/assets/jquery-87424c3c19e96d4fb033c10ebe21ec40.js?body=1" for ::1 at 2015-03-07 17:59:28 -0500


Started GET "/assets/jquery_ujs-e27bd20a10d28155845a22d71ef94f2f.js?body=1" for ::1 at 2015-03-07 17:59:28 -0500


Started GET "/assets/application-268e01242514b6c0ecf13636dc345141.js?body=1" for ::1 at 2015-03-07 17:59:28 -0500
